<?xml version="1.0" encoding="UTF-8"?>
<robot generator="Robot 7.2.2 (Python 3.13.0 on win32)" generated="2025-08-26T15:24:03.861779" rpa="false" schemaversion="5">
<suite id="s1" name="Test" source="C:\Users\12187\Downloads\Automation\Androidauto\RF_auto\test.robot">
<test id="s1-t1" name="My First Test" line="5">
<kw name="Log" owner="BuiltIn">
<msg time="2025-08-26T15:24:03.930055" level="INFO">Hello, Robot Framework!</msg>
<arg>Hello, Robot Framework!</arg>
<doc>Logs the given message with the given level.</doc>
<status status="PASS" start="2025-08-26T15:24:03.928645" elapsed="0.001566"/>
</kw>
<kw name="Evaluate" owner="BuiltIn">
<msg time="2025-08-26T15:24:03.931512" level="INFO">${result} = 4</msg>
<var>${result}</var>
<arg>2 + 2</arg>
<doc>Evaluates the given expression in Python and returns the result.</doc>
<status status="PASS" start="2025-08-26T15:24:03.931174" elapsed="0.000377"/>
</kw>
<kw name="Should Be Equal As Integers" owner="BuiltIn">
<msg time="2025-08-26T15:24:03.932056" level="INFO">Argument types are:
&lt;class 'int'&gt;
&lt;class 'str'&gt;</msg>
<arg>${result}</arg>
<arg>4</arg>
<doc>Fails if objects are unequal after converting them to integers.</doc>
<status status="PASS" start="2025-08-26T15:24:03.931866" elapsed="0.000268"/>
</kw>
<doc>A simple test case that always passes</doc>
<status status="PASS" start="2025-08-26T15:24:03.927321" elapsed="0.005127"/>
</test>
<status status="PASS" start="2025-08-26T15:24:03.865923" elapsed="0.067887"/>
</suite>
<statistics>
<total>
<stat pass="1" fail="0" skip="0">All Tests</stat>
</total>
<tag>
</tag>
<suite>
<stat name="Test" id="s1" pass="1" fail="0" skip="0">Test</stat>
</suite>
</statistics>
<errors>
</errors>
</robot>
