<?xml version="1.0" encoding="UTF-8"?>
<robot generator="Robot 7.2.2 (Python 3.13.0 on win32)" generated="2025-07-01T20:11:57.842882" rpa="false" schemaversion="5">
<suite id="s1" name="Test" source="C:\Users\12187\Downloads\Automation\Androidauto\test.robot">
<test id="s1-t1" name="My First Test" line="5">
<kw name="Log" owner="BuiltIn">
<msg time="2025-07-01T20:11:57.890359" level="INFO">Hello, Robot Framework!</msg>
<arg>Hello, Robot Framework!</arg>
<doc>Logs the given message with the given level.</doc>
<status status="PASS" start="2025-07-01T20:11:57.890161" elapsed="0.000284"/>
</kw>
<kw name="Evaluate" owner="BuiltIn">
<msg time="2025-07-01T20:11:57.891026" level="INFO">${result} = 4</msg>
<var>${result}</var>
<arg>2 + 2</arg>
<doc>Evaluates the given expression in Python and returns the result.</doc>
<status status="PASS" start="2025-07-01T20:11:57.890789" elapsed="0.000275"/>
</kw>
<kw name="Should Be Equal As Integers" owner="BuiltIn">
<msg time="2025-07-01T20:11:57.891571" level="INFO">Argument types are:
&lt;class 'int'&gt;
&lt;class 'str'&gt;</msg>
<arg>${result}</arg>
<arg>4</arg>
<doc>Fails if objects are unequal after converting them to integers.</doc>
<status status="PASS" start="2025-07-01T20:11:57.891384" elapsed="0.000267"/>
</kw>
<doc>A simple test case that always passes</doc>
<status status="PASS" start="2025-07-01T20:11:57.889184" elapsed="0.002801"/>
</test>
<status status="PASS" start="2025-07-01T20:11:57.846939" elapsed="0.046193"/>
</suite>
<statistics>
<total>
<stat pass="1" fail="0" skip="0">All Tests</stat>
</total>
<tag>
</tag>
<suite>
<stat name="Test" id="s1" pass="1" fail="0" skip="0">Test</stat>
</suite>
</statistics>
<errors>
</errors>
</robot>
